--------------------------------------------------------------------------------
Release 14.7 Trace  (nt)
Copyright (c) 1995-2013 Xilinx, Inc.  All rights reserved.

C:\Xilinx\14.7\ISE_DS\ISE\bin\nt\unwrapped\trce.exe -intstyle ise -o
mojo_top_0.twr -v 30 -l 30 mojo_top_0_routed.ncd mojo_top_0.pcf

Design file:              mojo_top_0_routed.ncd
Physical constraint file: mojo_top_0.pcf
Device,package,speed:     xc6slx9,tqg144,C,-2 (PRODUCTION 1.23 2013-10-13)
Report level:             verbose report, limited to 30 items per constraint

Environment Variable      Effect 
--------------------      ------ 
NONE                      No environment variables were set
--------------------------------------------------------------------------------

INFO:Timing:2698 - No timing constraints found, doing default enumeration.
INFO:Timing:3412 - To improve timing, see the Timing Closure User Guide (UG612).
INFO:Timing:2752 - To get complete path coverage, use the unconstrained paths 
   option. All paths that are not constrained will be reported in the 
   unconstrained paths section(s) of the report.
INFO:Timing:3339 - The clock-to-out numbers in this timing report are based on 
   a 50 Ohm transmission line loading model.  For the details of this model, 
   and for more information on accounting for different loading conditions, 
   please see the device datasheet.



Data Sheet report:
-----------------
All values displayed in nanoseconds (ns)

Pad to Pad
---------------+---------------+---------+
Source Pad     |Destination Pad|  Delay  |
---------------+---------------+---------+
carry          |io_led[16]     |   12.201|
carry          |io_led[17]     |   12.350|
carry          |io_led[18]     |   12.491|
carry          |io_led[19]     |   11.901|
carry          |io_led[20]     |   11.974|
carry          |io_led[21]     |   11.967|
carry          |io_led[22]     |   11.859|
carry          |io_led[23]     |   11.706|
io_button[0]   |io_led[16]     |   12.286|
io_button[0]   |io_led[17]     |   12.577|
io_button[0]   |io_led[18]     |   12.718|
io_button[0]   |io_led[19]     |   12.128|
io_button[0]   |io_led[20]     |   12.201|
io_button[0]   |io_led[21]     |   12.194|
io_button[0]   |io_led[22]     |   12.086|
io_button[0]   |io_led[23]     |   11.791|
io_button[0]   |led[0]         |    9.251|
sum            |io_led[16]     |   12.428|
sum            |io_led[17]     |   12.455|
sum            |io_led[18]     |   12.596|
sum            |io_led[19]     |   12.006|
sum            |io_led[20]     |   12.079|
sum            |io_led[21]     |   12.072|
sum            |io_led[22]     |   11.964|
sum            |io_led[23]     |   11.933|
---------------+---------------+---------+


Analysis completed Mon Sep 30 16:25:24 2019 
--------------------------------------------------------------------------------

Trace Settings:
-------------------------
Trace Settings 

Peak Memory Usage: 164 MB



