
*** Running xst
    with args -ifn "mojo_top_0.xst" -ofn "mojo_top_0.srp" -intstyle ise

Reading design: mojo_top_0.prj

=========================================================================
*                          HDL Parsing                                  *
=========================================================================
Analyzing Verilog file "C:/Users/1003810/Documents/mojo/ALU_simple/work/planAhead/ALU_simple/ALU_simple.srcs/sources_1/imports/verilog/reset_conditioner_1.v" into library work
Parsing module <reset_conditioner_1>.
Analyzing Verilog file "C:/Users/1003810/Documents/mojo/ALU_simple/work/planAhead/ALU_simple/ALU_simple.srcs/sources_1/imports/verilog/mojo_top_0.v" into library work
Parsing module <mojo_top_0>.

=========================================================================
*                            HDL Elaboration                            *
=========================================================================

Elaborating module <mojo_top_0>.

Elaborating module <reset_conditioner_1>.
WARNING:HDLCompiler:1127 - "C:/Users/1003810/Documents/mojo/ALU_simple/work/planAhead/ALU_simple/ALU_simple.srcs/sources_1/imports/verilog/mojo_top_0.v" Line 68: Assignment to rst ignored, since the identifier is never used
WARNING:Xst:2972 - "C:/Users/1003810/Documents/mojo/ALU_simple/work/planAhead/ALU_simple/ALU_simple.srcs/sources_1/imports/verilog/mojo_top_0.v" line 41. All outputs of instance <reset_cond> of block <reset_conditioner_1> are unconnected in block <mojo_top_0>. Underlying logic will be removed.

=========================================================================
*                           HDL Synthesis                               *
=========================================================================

Synthesizing Unit <mojo_top_0>.
    Related source file is "C:/Users/1003810/Documents/mojo/ALU_simple/work/planAhead/ALU_simple/ALU_simple.srcs/sources_1/imports/verilog/mojo_top_0.v".
WARNING:Xst:647 - Input <io_button<4:1>> is never used. This port will be preserved and left unconnected if it belongs to a top-level block or it belongs to a sub-block and the hierarchy of this sub-block is preserved.
WARNING:Xst:647 - Input <io_dip<23:1>> is never used. This port will be preserved and left unconnected if it belongs to a top-level block or it belongs to a sub-block and the hierarchy of this sub-block is preserved.
WARNING:Xst:647 - Input <cclk> is never used. This port will be preserved and left unconnected if it belongs to a top-level block or it belongs to a sub-block and the hierarchy of this sub-block is preserved.
WARNING:Xst:647 - Input <spi_ss> is never used. This port will be preserved and left unconnected if it belongs to a top-level block or it belongs to a sub-block and the hierarchy of this sub-block is preserved.
WARNING:Xst:647 - Input <spi_mosi> is never used. This port will be preserved and left unconnected if it belongs to a top-level block or it belongs to a sub-block and the hierarchy of this sub-block is preserved.
WARNING:Xst:647 - Input <spi_sck> is never used. This port will be preserved and left unconnected if it belongs to a top-level block or it belongs to a sub-block and the hierarchy of this sub-block is preserved.
WARNING:Xst:647 - Input <avr_tx> is never used. This port will be preserved and left unconnected if it belongs to a top-level block or it belongs to a sub-block and the hierarchy of this sub-block is preserved.
WARNING:Xst:647 - Input <avr_rx_busy> is never used. This port will be preserved and left unconnected if it belongs to a top-level block or it belongs to a sub-block and the hierarchy of this sub-block is preserved.
INFO:Xst:3210 - "C:/Users/1003810/Documents/mojo/ALU_simple/work/planAhead/ALU_simple/ALU_simple.srcs/sources_1/imports/verilog/mojo_top_0.v" line 41: Output port <out> of the instance <reset_cond> is unconnected or connected to loadless signal.
    Found 32-bit register for signal <M_counter_q>.
    Found 4-bit register for signal <M_state_q>.
    Found 16-bit register for signal <M_sum_q>.
    Found finite state machine <FSM_0> for signal <M_state_q>.
    -----------------------------------------------------------------------
    | States             | 15                                             |
    | Transitions        | 43                                             |
    | Inputs             | 14                                             |
    | Outputs            | 4                                              |
    | Clock              | clk (rising_edge)                              |
    | Power Up State     | 0000                                           |
    | Encoding           | auto                                           |
    | Implementation     | LUT                                            |
    -----------------------------------------------------------------------
    Found 16-bit subtractor for signal <PWR_1_o_GND_1_o_sub_13_OUT> created at line 114.
    Found 16-bit adder for signal <a> created at line 74.
    Found 16-bit adder for signal <PWR_1_o_GND_1_o_add_4_OUT> created at line 95.
    Found 32-bit adder for signal <M_counter_q[31]_GND_1_o_add_103_OUT> created at line 352.
    Found 24-bit 15-to-1 multiplexer for signal <io_led> created at line 86.
    Found 1-bit tristate buffer for signal <spi_miso> created at line 68
    Found 1-bit tristate buffer for signal <spi_channel<3>> created at line 68
    Found 1-bit tristate buffer for signal <spi_channel<2>> created at line 68
    Found 1-bit tristate buffer for signal <spi_channel<1>> created at line 68
    Found 1-bit tristate buffer for signal <spi_channel<0>> created at line 68
    Found 1-bit tristate buffer for signal <avr_rx> created at line 68
    Found 16-bit comparator greater for signal <GND_1_o_PWR_1_o_LessThan_89_o> created at line 314
    Found 16-bit comparator lessequal for signal <n0067> created at line 334
    Summary:
	inferred   4 Adder/Subtractor(s).
	inferred  48 D-type flip-flop(s).
	inferred   2 Comparator(s).
	inferred  35 Multiplexer(s).
	inferred   6 Tristate(s).
	inferred   1 Finite State Machine(s).
Unit <mojo_top_0> synthesized.

=========================================================================
HDL Synthesis Report

Macro Statistics
# Adders/Subtractors                                   : 4
 16-bit adder                                          : 2
 16-bit subtractor                                     : 1
 32-bit adder                                          : 1
# Registers                                            : 2
 16-bit register                                       : 1
 32-bit register                                       : 1
# Comparators                                          : 2
 16-bit comparator greater                             : 1
 16-bit comparator lessequal                           : 1
# Multiplexers                                         : 35
 1-bit 2-to-1 multiplexer                              : 22
 16-bit 2-to-1 multiplexer                             : 12
 24-bit 15-to-1 multiplexer                            : 1
# Tristates                                            : 6
 1-bit tristate buffer                                 : 6
# FSMs                                                 : 1
# Xors                                                 : 1
 16-bit xor2                                           : 1

=========================================================================

=========================================================================
*                       Advanced HDL Synthesis                          *
=========================================================================


Synthesizing (advanced) Unit <mojo_top_0>.
The following registers are absorbed into counter <M_counter_q>: 1 register on signal <M_counter_q>.
Unit <mojo_top_0> synthesized (advanced).

=========================================================================
Advanced HDL Synthesis Report

Macro Statistics
# Adders/Subtractors                                   : 3
 16-bit adder                                          : 2
 16-bit subtractor                                     : 1
# Counters                                             : 1
 32-bit up counter                                     : 1
# Registers                                            : 16
 Flip-Flops                                            : 16
# Comparators                                          : 2
 16-bit comparator greater                             : 1
 16-bit comparator lessequal                           : 1
# Multiplexers                                         : 35
 1-bit 2-to-1 multiplexer                              : 22
 16-bit 2-to-1 multiplexer                             : 12
 24-bit 15-to-1 multiplexer                            : 1
# FSMs                                                 : 1
# Xors                                                 : 1
 16-bit xor2                                           : 1

=========================================================================

=========================================================================
*                         Low Level Synthesis                           *
=========================================================================
Analyzing FSM <MFsm> for best encoding.
Optimizing FSM <FSM_0> on signal <M_state_q[1:4]> with user encoding.
-------------------
 State | Encoding
-------------------
 0000  | 0000
 0001  | 0001
 1110  | 1110
 0010  | 0010
 0011  | 0011
 0100  | 0100
 0101  | 0101
 0110  | 0110
 0111  | 0111
 1000  | 1000
 1001  | 1001
 1010  | 1010
 1011  | 1011
 1100  | 1100
 1101  | 1101
-------------------
WARNING:Xst:2677 - Node <M_counter_q_27> of sequential type is unconnected in block <mojo_top_0>.
WARNING:Xst:2677 - Node <M_counter_q_28> of sequential type is unconnected in block <mojo_top_0>.
WARNING:Xst:2677 - Node <M_counter_q_29> of sequential type is unconnected in block <mojo_top_0>.
WARNING:Xst:2677 - Node <M_counter_q_30> of sequential type is unconnected in block <mojo_top_0>.
WARNING:Xst:2677 - Node <M_counter_q_31> of sequential type is unconnected in block <mojo_top_0>.

Optimizing unit <mojo_top_0> ...

Mapping all equations...
Building and optimizing final netlist ...
Found area constraint ratio of 100 (+ 0) on block mojo_top_0, actual ratio is 2.
FlipFlop M_state_q_FSM_FFd2 has been replicated 1 time(s)
FlipFlop M_state_q_FSM_FFd3 has been replicated 2 time(s)
FlipFlop M_state_q_FSM_FFd4 has been replicated 1 time(s)
FlipFlop M_sum_q_4 has been replicated 1 time(s)

Final Macro Processing ...

=========================================================================
Final Register Report

Macro Statistics
# Registers                                            : 52
 Flip-Flops                                            : 52

=========================================================================

=========================================================================
*                           Partition Report                            *
=========================================================================

Partition Implementation Status
-------------------------------

  No Partitions were found in this design.

-------------------------------

=========================================================================
*                            Design Summary                             *
=========================================================================

Clock Information:
------------------
-----------------------------------+------------------------+-------+
Clock Signal                       | Clock buffer(FF name)  | Load  |
-----------------------------------+------------------------+-------+
clk                                | BUFGP                  | 52    |
-----------------------------------+------------------------+-------+

Asynchronous Control Signals Information:
----------------------------------------
No asynchronous control signals found in this design

Timing Summary:
---------------
Speed Grade: -2

   Minimum period: 5.636ns (Maximum Frequency: 177.431MHz)
   Minimum input arrival time before clock: 3.483ns
   Maximum output required time after clock: 11.386ns
   Maximum combinational path delay: No path found

=========================================================================
